# JRE version: Java(TM) SE Runtime Environment (8.0_102-b14) (build 1.8.0_102-b14)
# Java VM: Java HotSpot(TM) 64-Bit Server VM (25.102-b14 mixed mode bsd-amd64 compressed oops)
Heap:
 PSYoungGen      total 76288K, used 50005K [0x000000076ab00000, 0x0000000773780000, 0x00000007c0000000)
  eden space 65536K, 71% used [0x000000076ab00000,0x000000076d88b720,0x000000076eb00000)
  from space 10752K, 31% used [0x000000076eb00000,0x000000076ee49ff8,0x000000076f580000)
  to   space 10752K, 0% used [0x0000000772d00000,0x0000000772d00000,0x0000000773780000)
 ParOldGen       total 79872K, used 6769K [0x00000006c0000000, 0x00000006c4e00000, 0x000000076ab00000)
  object space 79872K, 8% used [0x00000006c0000000,0x00000006c069c4f0,0x00000006c4e00000)
 Metaspace       used 23081K, capacity 23410K, committed 23552K, reserved 1069056K
  class space    used 2837K, capacity 2949K, committed 3072K, reserved 1048576K
GC Heap History (8 events):
Event: 16.794 GC heap before
{Heap before GC invocations=1 (full 0):
 PSYoungGen      total 76288K, used 65536K [0x000000076ab00000, 0x0000000770000000, 0x00000007c0000000)
  eden space 65536K, 100% used [0x000000076ab00000,0x000000076eb00000,0x000000076eb00000)
  from space 10752K, 0% used [0x000000076f580000,0x000000076f580000,0x0000000770000000)
  to   space 10752K, 0% used [0x000000076eb00000,0x000000076eb00000,0x000000076f580000)
 ParOldGen       total 175104K, used 0K [0x00000006c0000000, 0x00000006cab00000, 0x000000076ab00000)
  object space 175104K, 0% used [0x00000006c0000000,0x00000006c0000000,0x00000006cab00000)
 Metaspace       used 20548K, capacity 20764K, committed 20864K, reserved 1067008K
  class space    used 2526K, capacity 2604K, committed 2688K, reserved 1048576K
Event: 16.815 GC heap after
Heap after GC invocations=1 (full 0):
 PSYoungGen      total 76288K, used 9464K [0x000000076ab00000, 0x0000000770000000, 0x00000007c0000000)
  eden space 65536K, 0% used [0x000000076ab00000,0x000000076ab00000,0x000000076eb00000)
  from space 10752K, 88% used [0x000000076eb00000,0x000000076f43e008,0x000000076f580000)
  to   space 10752K, 0% used [0x000000076f580000,0x000000076f580000,0x0000000770000000)
 ParOldGen       total 175104K, used 80K [0x00000006c0000000, 0x00000006cab00000, 0x000000076ab00000)
  object space 175104K, 0% used [0x00000006c0000000,0x00000006c0014010,0x00000006cab00000)
 Metaspace       used 20548K, capacity 20764K, committed 20864K, reserved 1067008K
  class space    used 2526K, capacity 2604K, committed 2688K, reserved 1048576K
}
Event: 17.022 GC heap before
{Heap before GC invocations=2 (full 0):
 PSYoungGen      total 76288K, used 17881K [0x000000076ab00000, 0x0000000770000000, 0x00000007c0000000)
  eden space 65536K, 12% used [0x000000076ab00000,0x000000076b338738,0x000000076eb00000)
  from space 10752K, 88% used [0x000000076eb00000,0x000000076f43e008,0x000000076f580000)
  to   space 10752K, 0% used [0x000000076f580000,0x000000076f580000,0x0000000770000000)
 ParOldGen       total 175104K, used 80K [0x00000006c0000000, 0x00000006cab00000, 0x000000076ab00000)
  object space 175104K, 0% used [0x00000006c0000000,0x00000006c0014010,0x00000006cab00000)
 Metaspace       used 20975K, capacity 21192K, committed 21296K, reserved 1069056K
  class space    used 2559K, capacity 2638K, committed 2688K, reserved 1048576K
Event: 17.040 GC heap after
Heap after GC invocations=2 (full 0):
 PSYoungGen      total 76288K, used 6789K [0x000000076ab00000, 0x0000000774000000, 0x00000007c0000000)
  eden space 65536K, 0% used [0x000000076ab00000,0x000000076ab00000,0x000000076eb00000)
  from space 10752K, 63% used [0x000000076f580000,0x000000076fc21660,0x0000000770000000)
  to   space 10752K, 0% used [0x000000076eb00000,0x000000076eb00000,0x000000076f580000)
 ParOldGen       total 175104K, used 88K [0x00000006c0000000, 0x00000006cab00000, 0x000000076ab00000)
  object space 175104K, 0% used [0x00000006c0000000,0x00000006c0016010,0x00000006cab00000)
 Metaspace       used 20975K, capacity 21192K, committed 21296K, reserved 1069056K
  class space    used 2559K, capacity 2638K, committed 2688K, reserved 1048576K
}
Event: 17.040 GC heap before
{Heap before GC invocations=3 (full 1):
 PSYoungGen      total 76288K, used 6789K [0x000000076ab00000, 0x0000000774000000, 0x00000007c0000000)
  eden space 65536K, 0% used [0x000000076ab00000,0x000000076ab00000,0x000000076eb00000)
  from space 10752K, 63% used [0x000000076f580000,0x000000076fc21660,0x0000000770000000)
  to   space 10752K, 0% used [0x000000076eb00000,0x000000076eb00000,0x000000076f580000)
 ParOldGen       total 175104K, used 88K [0x00000006c0000000, 0x00000006cab00000, 0x000000076ab00000)
  object space 175104K, 0% used [0x00000006c0000000,0x00000006c0016010,0x00000006cab00000)
 Metaspace       used 20975K, capacity 21192K, committed 21296K, reserved 1069056K
  class space    used 2559K, capacity 2638K, committed 2688K, reserved 1048576K
Event: 17.111 GC heap after
Heap after GC invocations=3 (full 1):
 PSYoungGen      total 76288K, used 0K [0x000000076ab00000, 0x0000000774000000, 0x00000007c0000000)
  eden space 65536K, 0% used [0x000000076ab00000,0x000000076ab00000,0x000000076eb00000)
  from space 10752K, 0% used [0x000000076f580000,0x000000076f580000,0x0000000770000000)
  to   space 10752K, 0% used [0x000000076eb00000,0x000000076eb00000,0x000000076f580000)
 ParOldGen       total 79872K, used 6761K [0x00000006c0000000, 0x00000006c4e00000, 0x000000076ab00000)
  object space 79872K, 8% used [0x00000006c0000000,0x00000006c069a4f0,0x00000006c4e00000)
 Metaspace       used 20975K, capacity 21192K, committed 21296K, reserved 1069056K
  class space    used 2559K, capacity 2638K, committed 2688K, reserved 1048576K
}
Event: 19.509 GC heap before
{Heap before GC invocations=4 (full 1):
 PSYoungGen      total 76288K, used 65536K [0x000000076ab00000, 0x0000000774000000, 0x00000007c0000000)
  eden space 65536K, 100% used [0x000000076ab00000,0x000000076eb00000,0x000000076eb00000)
  from space 10752K, 0% used [0x000000076f580000,0x000000076f580000,0x0000000770000000)
  to   space 10752K, 0% used [0x000000076eb00000,0x000000076eb00000,0x000000076f580000)
 ParOldGen       total 79872K, used 6761K [0x00000006c0000000, 0x00000006c4e00000, 0x000000076ab00000)
  object space 79872K, 8% used [0x00000006c0000000,0x00000006c069a4f0,0x00000006c4e00000)
 Metaspace       used 22915K, capacity 23210K, committed 23344K, reserved 1069056K
  class space    used 2827K, capacity 2937K, committed 2944K, reserved 1048576K
Event: 19.522 GC heap after
Heap after GC invocations=4 (full 1):
 PSYoungGen      total 76288K, used 3367K [0x000000076ab00000, 0x0000000773780000, 0x00000007c0000000)
  eden space 65536K, 0% used [0x000000076ab00000,0x000000076ab00000,0x000000076eb00000)
  from space 10752K, 31% used [0x000000076eb00000,0x000000076ee49ff8,0x000000076f580000)
  to   space 10752K, 0% used [0x0000000772d00000,0x0000000772d00000,0x0000000773780000)
 ParOldGen       total 79872K, used 6769K [0x00000006c0000000, 0x00000006c4e00000, 0x000000076ab00000)
  object space 79872K, 8% used [0x00000006c0000000,0x00000006c069c4f0,0x00000006c4e00000)
 Metaspace       used 22915K, capacity 23210K, committed 23344K, reserved 1069056K
  class space    used 2827K, capacity 2937K, committed 2944K, reserved 1048576K
}

