# JRE version: Java(TM) SE Runtime Environment (8.0_102-b14) (build 1.8.0_102-b14)
# Java VM: Java HotSpot(TM) 64-Bit Server VM (25.102-b14 mixed mode bsd-amd64 compressed oops)
Heap:
 PSYoungGen      total 247296K, used 112796K [0x000000076ab00000, 0x000000077b400000, 0x00000007c0000000)
  eden space 236032K, 46% used [0x000000076ab00000,0x0000000771609fb0,0x0000000779180000)
  from space 11264K, 28% used [0x0000000779c80000,0x0000000779f9d070,0x000000077a780000)
  to   space 11264K, 0% used [0x0000000779180000,0x0000000779180000,0x0000000779c80000)
 ParOldGen       total 77824K, used 7000K [0x00000006c0000000, 0x00000006c4c00000, 0x000000076ab00000)
  object space 77824K, 8% used [0x00000006c0000000,0x00000006c06d62b0,0x00000006c4c00000)
 Metaspace       used 23213K, capacity 23544K, committed 23756K, reserved 1071104K
  class space    used 2836K, capacity 2950K, committed 3020K, reserved 1048576K
GC Heap History (10 events):
Event: 17.333 GC heap before
{Heap before GC invocations=3 (full 0):
 PSYoungGen      total 76288K, used 12020K [0x000000076ab00000, 0x0000000774000000, 0x00000007c0000000)
  eden space 65536K, 7% used [0x000000076ab00000,0x000000076afff190,0x000000076eb00000)
  from space 10752K, 64% used [0x000000076f580000,0x000000076fc3e168,0x0000000770000000)
  to   space 10752K, 0% used [0x000000076eb00000,0x000000076eb00000,0x000000076f580000)
 ParOldGen       total 175104K, used 88K [0x00000006c0000000, 0x00000006cab00000, 0x000000076ab00000)
  object space 175104K, 0% used [0x00000006c0000000,0x00000006c0016010,0x00000006cab00000)
 Metaspace       used 21272K, capacity 21460K, committed 21628K, reserved 1069056K
  class space    used 2614K, capacity 2704K, committed 2764K, reserved 1048576K
Event: 17.345 GC heap after
Heap after GC invocations=3 (full 0):
 PSYoungGen      total 76288K, used 6946K [0x000000076ab00000, 0x0000000774000000, 0x00000007c0000000)
  eden space 65536K, 0% used [0x000000076ab00000,0x000000076ab00000,0x000000076eb00000)
  from space 10752K, 64% used [0x000000076eb00000,0x000000076f1c8ac0,0x000000076f580000)
  to   space 10752K, 0% used [0x0000000773580000,0x0000000773580000,0x0000000774000000)
 ParOldGen       total 175104K, used 96K [0x00000006c0000000, 0x00000006cab00000, 0x000000076ab00000)
  object space 175104K, 0% used [0x00000006c0000000,0x00000006c0018010,0x00000006cab00000)
 Metaspace       used 21272K, capacity 21460K, committed 21628K, reserved 1069056K
  class space    used 2614K, capacity 2704K, committed 2764K, reserved 1048576K
}
Event: 17.345 GC heap before
{Heap before GC invocations=4 (full 1):
 PSYoungGen      total 76288K, used 6946K [0x000000076ab00000, 0x0000000774000000, 0x00000007c0000000)
  eden space 65536K, 0% used [0x000000076ab00000,0x000000076ab00000,0x000000076eb00000)
  from space 10752K, 64% used [0x000000076eb00000,0x000000076f1c8ac0,0x000000076f580000)
  to   space 10752K, 0% used [0x0000000773580000,0x0000000773580000,0x0000000774000000)
 ParOldGen       total 175104K, used 96K [0x00000006c0000000, 0x00000006cab00000, 0x000000076ab00000)
  object space 175104K, 0% used [0x00000006c0000000,0x00000006c0018010,0x00000006cab00000)
 Metaspace       used 21272K, capacity 21460K, committed 21628K, reserved 1069056K
  class space    used 2614K, capacity 2704K, committed 2764K, reserved 1048576K
Event: 17.421 GC heap after
Heap after GC invocations=4 (full 1):
 PSYoungGen      total 76288K, used 0K [0x000000076ab00000, 0x0000000774000000, 0x00000007c0000000)
  eden space 65536K, 0% used [0x000000076ab00000,0x000000076ab00000,0x000000076eb00000)
  from space 10752K, 0% used [0x000000076eb00000,0x000000076eb00000,0x000000076f580000)
  to   space 10752K, 0% used [0x0000000773580000,0x0000000773580000,0x0000000774000000)
 ParOldGen       total 77824K, used 6909K [0x00000006c0000000, 0x00000006c4c00000, 0x000000076ab00000)
  object space 77824K, 8% used [0x00000006c0000000,0x00000006c06bf6b0,0x00000006c4c00000)
 Metaspace       used 21272K, capacity 21460K, committed 21628K, reserved 1069056K
  class space    used 2614K, capacity 2704K, committed 2764K, reserved 1048576K
}
Event: 19.759 GC heap before
{Heap before GC invocations=5 (full 1):
 PSYoungGen      total 76288K, used 65536K [0x000000076ab00000, 0x0000000774000000, 0x00000007c0000000)
  eden space 65536K, 100% used [0x000000076ab00000,0x000000076eb00000,0x000000076eb00000)
  from space 10752K, 0% used [0x000000076eb00000,0x000000076eb00000,0x000000076f580000)
  to   space 10752K, 0% used [0x0000000773580000,0x0000000773580000,0x0000000774000000)
 ParOldGen       total 77824K, used 6909K [0x00000006c0000000, 0x00000006c4c00000, 0x000000076ab00000)
  object space 77824K, 8% used [0x00000006c0000000,0x00000006c06bf6b0,0x00000006c4c00000)
 Metaspace       used 22853K, capacity 23140K, committed 23420K, reserved 1069056K
  class space    used 2825K, capacity 2936K, committed 3020K, reserved 1048576K
Event: 19.776 GC heap after
Heap after GC invocations=5 (full 1):
 PSYoungGen      total 130560K, used 3222K [0x000000076ab00000, 0x0000000773a80000, 0x00000007c0000000)
  eden space 125440K, 0% used [0x000000076ab00000,0x000000076ab00000,0x0000000772580000)
  from space 5120K, 62% used [0x0000000773580000,0x00000007738a5a00,0x0000000773a80000)
  to   space 10752K, 0% used [0x0000000772580000,0x0000000772580000,0x0000000773000000)
 ParOldGen       total 77824K, used 6981K [0x00000006c0000000, 0x00000006c4c00000, 0x000000076ab00000)
  object space 77824K, 8% used [0x00000006c0000000,0x00000006c06d16c0,0x00000006c4c00000)
 Metaspace       used 22853K, capacity 23140K, committed 23420K, reserved 1069056K
  class space    used 2825K, capacity 2936K, committed 3020K, reserved 1048576K
}
Event: 23.309 GC heap before
{Heap before GC invocations=6 (full 1):
 PSYoungGen      total 130560K, used 128662K [0x000000076ab00000, 0x0000000773a80000, 0x00000007c0000000)
  eden space 125440K, 100% used [0x000000076ab00000,0x0000000772580000,0x0000000772580000)
  from space 5120K, 62% used [0x0000000773580000,0x00000007738a5a00,0x0000000773a80000)
  to   space 10752K, 0% used [0x0000000772580000,0x0000000772580000,0x0000000773000000)
 ParOldGen       total 77824K, used 6984K [0x00000006c0000000, 0x00000006c4c00000, 0x000000076ab00000)
  object space 77824K, 8% used [0x00000006c0000000,0x00000006c06d22b0,0x00000006c4c00000)
 Metaspace       used 23094K, capacity 23410K, committed 23500K, reserved 1069056K
  class space    used 2836K, capacity 2949K, committed 3020K, reserved 1048576K
Event: 23.316 GC heap after
Heap after GC invocations=6 (full 1):
 PSYoungGen      total 136192K, used 3170K [0x000000076ab00000, 0x000000077a780000, 0x00000007c0000000)
  eden space 125440K, 0% used [0x000000076ab00000,0x000000076ab00000,0x0000000772580000)
  from space 10752K, 29% used [0x0000000772580000,0x0000000772898978,0x0000000773000000)
  to   space 11264K, 0% used [0x0000000779c80000,0x0000000779c80000,0x000000077a780000)
 ParOldGen       total 77824K, used 6992K [0x00000006c0000000, 0x00000006c4c00000, 0x000000076ab00000)
  object space 77824K, 8% used [0x00000006c0000000,0x00000006c06d42b0,0x00000006c4c00000)
 Metaspace       used 23094K, capacity 23410K, committed 23500K, reserved 1069056K
  class space    used 2836K, capacity 2949K, committed 3020K, reserved 1048576K
}
Event: 23.317 GC heap before
{Heap before GC invocations=7 (full 1):
 PSYoungGen      total 136192K, used 5207K [0x000000076ab00000, 0x000000077a780000, 0x00000007c0000000)
  eden space 125440K, 1% used [0x000000076ab00000,0x000000076acfd320,0x0000000772580000)
  from space 10752K, 29% used [0x0000000772580000,0x0000000772898978,0x0000000773000000)
  to   space 11264K, 0% used [0x0000000779c80000,0x0000000779c80000,0x000000077a780000)
 ParOldGen       total 77824K, used 6992K [0x00000006c0000000, 0x00000006c4c00000, 0x000000076ab00000)
  object space 77824K, 8% used [0x00000006c0000000,0x00000006c06d42b0,0x00000006c4c00000)
 Metaspace       used 23094K, capacity 23410K, committed 23500K, reserved 1069056K
  class space    used 2836K, capacity 2949K, committed 3020K, reserved 1048576K
Event: 23.322 GC heap after
Heap after GC invocations=7 (full 1):
 PSYoungGen      total 247296K, used 3188K [0x000000076ab00000, 0x000000077b400000, 0x00000007c0000000)
  eden space 236032K, 0% used [0x000000076ab00000,0x000000076ab00000,0x0000000779180000)
  from space 11264K, 28% used [0x0000000779c80000,0x0000000779f9d070,0x000000077a780000)
  to   space 11264K, 0% used [0x0000000779180000,0x0000000779180000,0x0000000779c80000)
 ParOldGen       total 77824K, used 7000K [0x00000006c0000000, 0x00000006c4c00000, 0x000000076ab00000)
  object space 77824K, 8% used [0x00000006c0000000,0x00000006c06d62b0,0x00000006c4c00000)
 Metaspace       used 23094K, capacity 23410K, committed 23500K, reserved 1069056K
  class space    used 2836K, capacity 2949K, committed 3020K, reserved 1048576K
}

