# JRE version: Java(TM) SE Runtime Environment (8.0_102-b14) (build 1.8.0_102-b14)
# Java VM: Java HotSpot(TM) 64-Bit Server VM (25.102-b14 mixed mode bsd-amd64 compressed oops)
Heap:
 PSYoungGen      total 76288K, used 63025K [0x000000076ab00000, 0x0000000774000000, 0x00000007c0000000)
  eden space 65536K, 96% used [0x000000076ab00000,0x000000076e88c4c8,0x000000076eb00000)
  from space 10752K, 0% used [0x000000076f580000,0x000000076f580000,0x0000000770000000)
  to   space 10752K, 0% used [0x000000076eb00000,0x000000076eb00000,0x000000076f580000)
 ParOldGen       total 82944K, used 7223K [0x00000006c0000000, 0x00000006c5100000, 0x000000076ab00000)
  object space 82944K, 8% used [0x00000006c0000000,0x00000006c070dd38,0x00000006c5100000)
 Metaspace       used 22862K, capacity 23168K, committed 23344K, reserved 1069056K
  class space    used 2827K, capacity 2938K, committed 2944K, reserved 1048576K
GC Heap History (6 events):
Event: 20.760 GC heap before
{Heap before GC invocations=1 (full 0):
 PSYoungGen      total 76288K, used 65536K [0x000000076ab00000, 0x0000000770000000, 0x00000007c0000000)
  eden space 65536K, 100% used [0x000000076ab00000,0x000000076eb00000,0x000000076eb00000)
  from space 10752K, 0% used [0x000000076f580000,0x000000076f580000,0x0000000770000000)
  to   space 10752K, 0% used [0x000000076eb00000,0x000000076eb00000,0x000000076f580000)
 ParOldGen       total 175104K, used 0K [0x00000006c0000000, 0x00000006cab00000, 0x000000076ab00000)
  object space 175104K, 0% used [0x00000006c0000000,0x00000006c0000020,0x00000006cab00000)
 Metaspace       used 19632K, capacity 19866K, committed 20224K, reserved 1067008K
  class space    used 2408K, capacity 2473K, committed 2560K, reserved 1048576K
Event: 20.774 GC heap after
Heap after GC invocations=1 (full 0):
 PSYoungGen      total 76288K, used 8289K [0x000000076ab00000, 0x0000000770000000, 0x00000007c0000000)
  eden space 65536K, 0% used [0x000000076ab00000,0x000000076ab00000,0x000000076eb00000)
  from space 10752K, 77% used [0x000000076eb00000,0x000000076f318600,0x000000076f580000)
  to   space 10752K, 0% used [0x000000076f580000,0x000000076f580000,0x0000000770000000)
 ParOldGen       total 175104K, used 80K [0x00000006c0000000, 0x00000006cab00000, 0x000000076ab00000)
  object space 175104K, 0% used [0x00000006c0000000,0x00000006c0014030,0x00000006cab00000)
 Metaspace       used 19632K, capacity 19866K, committed 20224K, reserved 1067008K
  class space    used 2408K, capacity 2473K, committed 2560K, reserved 1048576K
}
Event: 21.189 GC heap before
{Heap before GC invocations=2 (full 0):
 PSYoungGen      total 76288K, used 28707K [0x000000076ab00000, 0x0000000770000000, 0x00000007c0000000)
  eden space 65536K, 31% used [0x000000076ab00000,0x000000076bef09f8,0x000000076eb00000)
  from space 10752K, 77% used [0x000000076eb00000,0x000000076f318600,0x000000076f580000)
  to   space 10752K, 0% used [0x000000076f580000,0x000000076f580000,0x0000000770000000)
 ParOldGen       total 175104K, used 80K [0x00000006c0000000, 0x00000006cab00000, 0x000000076ab00000)
  object space 175104K, 0% used [0x00000006c0000000,0x00000006c0014030,0x00000006cab00000)
 Metaspace       used 20940K, capacity 21138K, committed 21296K, reserved 1069056K
  class space    used 2558K, capacity 2637K, committed 2688K, reserved 1048576K
Event: 21.203 GC heap after
Heap after GC invocations=2 (full 0):
 PSYoungGen      total 76288K, used 7284K [0x000000076ab00000, 0x0000000774000000, 0x00000007c0000000)
  eden space 65536K, 0% used [0x000000076ab00000,0x000000076ab00000,0x000000076eb00000)
  from space 10752K, 67% used [0x000000076f580000,0x000000076fc9d100,0x0000000770000000)
  to   space 10752K, 0% used [0x000000076eb00000,0x000000076eb00000,0x000000076f580000)
 ParOldGen       total 175104K, used 88K [0x00000006c0000000, 0x00000006cab00000, 0x000000076ab00000)
  object space 175104K, 0% used [0x00000006c0000000,0x00000006c0016030,0x00000006cab00000)
 Metaspace       used 20940K, capacity 21138K, committed 21296K, reserved 1069056K
  class space    used 2558K, capacity 2637K, committed 2688K, reserved 1048576K
}
Event: 21.203 GC heap before
{Heap before GC invocations=3 (full 1):
 PSYoungGen      total 76288K, used 7284K [0x000000076ab00000, 0x0000000774000000, 0x00000007c0000000)
  eden space 65536K, 0% used [0x000000076ab00000,0x000000076ab00000,0x000000076eb00000)
  from space 10752K, 67% used [0x000000076f580000,0x000000076fc9d100,0x0000000770000000)
  to   space 10752K, 0% used [0x000000076eb00000,0x000000076eb00000,0x000000076f580000)
 ParOldGen       total 175104K, used 88K [0x00000006c0000000, 0x00000006cab00000, 0x000000076ab00000)
  object space 175104K, 0% used [0x00000006c0000000,0x00000006c0016030,0x00000006cab00000)
 Metaspace       used 20940K, capacity 21138K, committed 21296K, reserved 1069056K
  class space    used 2558K, capacity 2637K, committed 2688K, reserved 1048576K
Event: 21.256 GC heap after
Heap after GC invocations=3 (full 1):
 PSYoungGen      total 76288K, used 0K [0x000000076ab00000, 0x0000000774000000, 0x00000007c0000000)
  eden space 65536K, 0% used [0x000000076ab00000,0x000000076ab00000,0x000000076eb00000)
  from space 10752K, 0% used [0x000000076f580000,0x000000076f580000,0x0000000770000000)
  to   space 10752K, 0% used [0x000000076eb00000,0x000000076eb00000,0x000000076f580000)
 ParOldGen       total 82944K, used 7223K [0x00000006c0000000, 0x00000006c5100000, 0x000000076ab00000)
  object space 82944K, 8% used [0x00000006c0000000,0x00000006c070dd38,0x00000006c5100000)
 Metaspace       used 20940K, capacity 21138K, committed 21296K, reserved 1069056K
  class space    used 2558K, capacity 2637K, committed 2688K, reserved 1048576K
}

