# JRE version: Java(TM) SE Runtime Environment (8.0_102-b14) (build 1.8.0_102-b14)
# Java VM: Java HotSpot(TM) 64-Bit Server VM (25.102-b14 mixed mode bsd-amd64 compressed oops)
Heap:
 PSYoungGen      total 226816K, used 97837K [0x000000076ab00000, 0x0000000779600000, 0x00000007c0000000)
  eden space 220160K, 42% used [0x000000076ab00000,0x0000000770733b38,0x0000000778200000)
  from space 6656K, 51% used [0x0000000778f80000,0x00000007792d7a70,0x0000000779600000)
  to   space 10240K, 0% used [0x0000000778200000,0x0000000778200000,0x0000000778c00000)
 ParOldGen       total 80896K, used 7010K [0x00000006c0000000, 0x00000006c4f00000, 0x000000076ab00000)
  object space 80896K, 8% used [0x00000006c0000000,0x00000006c06d8930,0x00000006c4f00000)
 Metaspace       used 23240K, capacity 23560K, committed 23804K, reserved 1071104K
  class space    used 2837K, capacity 2950K, committed 3072K, reserved 1048576K
GC Heap History (10 events):
Event: 18.740 GC heap before
{Heap before GC invocations=3 (full 0):
 PSYoungGen      total 76288K, used 13804K [0x000000076ab00000, 0x0000000774000000, 0x00000007c0000000)
  eden space 65536K, 9% used [0x000000076ab00000,0x000000076b1607d8,0x000000076eb00000)
  from space 10752K, 67% used [0x000000076f580000,0x000000076fc9a970,0x0000000770000000)
  to   space 10752K, 0% used [0x000000076eb00000,0x000000076eb00000,0x000000076f580000)
 ParOldGen       total 175104K, used 96K [0x00000006c0000000, 0x00000006cab00000, 0x000000076ab00000)
  object space 175104K, 0% used [0x00000006c0000000,0x00000006c0018010,0x00000006cab00000)
 Metaspace       used 21245K, capacity 21450K, committed 21628K, reserved 1069056K
  class space    used 2598K, capacity 2673K, committed 2688K, reserved 1048576K
Event: 18.753 GC heap after
Heap after GC invocations=3 (full 0):
 PSYoungGen      total 76288K, used 7056K [0x000000076ab00000, 0x0000000774000000, 0x00000007c0000000)
  eden space 65536K, 0% used [0x000000076ab00000,0x000000076ab00000,0x000000076eb00000)
  from space 10752K, 65% used [0x000000076eb00000,0x000000076f1e4180,0x000000076f580000)
  to   space 10752K, 0% used [0x0000000773580000,0x0000000773580000,0x0000000774000000)
 ParOldGen       total 175104K, used 104K [0x00000006c0000000, 0x00000006cab00000, 0x000000076ab00000)
  object space 175104K, 0% used [0x00000006c0000000,0x00000006c001a010,0x00000006cab00000)
 Metaspace       used 21245K, capacity 21450K, committed 21628K, reserved 1069056K
  class space    used 2598K, capacity 2673K, committed 2688K, reserved 1048576K
}
Event: 18.753 GC heap before
{Heap before GC invocations=4 (full 1):
 PSYoungGen      total 76288K, used 7056K [0x000000076ab00000, 0x0000000774000000, 0x00000007c0000000)
  eden space 65536K, 0% used [0x000000076ab00000,0x000000076ab00000,0x000000076eb00000)
  from space 10752K, 65% used [0x000000076eb00000,0x000000076f1e4180,0x000000076f580000)
  to   space 10752K, 0% used [0x0000000773580000,0x0000000773580000,0x0000000774000000)
 ParOldGen       total 175104K, used 104K [0x00000006c0000000, 0x00000006cab00000, 0x000000076ab00000)
  object space 175104K, 0% used [0x00000006c0000000,0x00000006c001a010,0x00000006cab00000)
 Metaspace       used 21245K, capacity 21450K, committed 21628K, reserved 1069056K
  class space    used 2598K, capacity 2673K, committed 2688K, reserved 1048576K
Event: 18.833 GC heap after
Heap after GC invocations=4 (full 1):
 PSYoungGen      total 76288K, used 0K [0x000000076ab00000, 0x0000000774000000, 0x00000007c0000000)
  eden space 65536K, 0% used [0x000000076ab00000,0x000000076ab00000,0x000000076eb00000)
  from space 10752K, 0% used [0x000000076eb00000,0x000000076eb00000,0x000000076f580000)
  to   space 10752K, 0% used [0x0000000773580000,0x0000000773580000,0x0000000774000000)
 ParOldGen       total 80896K, used 6994K [0x00000006c0000000, 0x00000006c4f00000, 0x000000076ab00000)
  object space 80896K, 8% used [0x00000006c0000000,0x00000006c06d4930,0x00000006c4f00000)
 Metaspace       used 21245K, capacity 21450K, committed 21628K, reserved 1069056K
  class space    used 2598K, capacity 2673K, committed 2688K, reserved 1048576K
}
Event: 20.658 GC heap before
{Heap before GC invocations=5 (full 1):
 PSYoungGen      total 76288K, used 65536K [0x000000076ab00000, 0x0000000774000000, 0x00000007c0000000)
  eden space 65536K, 100% used [0x000000076ab00000,0x000000076eb00000,0x000000076eb00000)
  from space 10752K, 0% used [0x000000076eb00000,0x000000076eb00000,0x000000076f580000)
  to   space 10752K, 0% used [0x0000000773580000,0x0000000773580000,0x0000000774000000)
 ParOldGen       total 80896K, used 6994K [0x00000006c0000000, 0x00000006c4f00000, 0x000000076ab00000)
  object space 80896K, 8% used [0x00000006c0000000,0x00000006c06d4930,0x00000006c4f00000)
 Metaspace       used 22839K, capacity 23080K, committed 23420K, reserved 1069056K
  class space    used 2826K, capacity 2934K, committed 2944K, reserved 1048576K
Event: 20.668 GC heap after
Heap after GC invocations=5 (full 1):
 PSYoungGen      total 123904K, used 1946K [0x000000076ab00000, 0x0000000773780000, 0x00000007c0000000)
  eden space 121856K, 0% used [0x000000076ab00000,0x000000076ab00000,0x0000000772200000)
  from space 2048K, 95% used [0x0000000773580000,0x0000000773766880,0x0000000773780000)
  to   space 10752K, 0% used [0x0000000772280000,0x0000000772280000,0x0000000772d00000)
 ParOldGen       total 80896K, used 6994K [0x00000006c0000000, 0x00000006c4f00000, 0x000000076ab00000)
  object space 80896K, 8% used [0x00000006c0000000,0x00000006c06d4930,0x00000006c4f00000)
 Metaspace       used 22839K, capacity 23080K, committed 23420K, reserved 1069056K
  class space    used 2826K, capacity 2934K, committed 2944K, reserved 1048576K
}
Event: 23.025 GC heap before
{Heap before GC invocations=6 (full 1):
 PSYoungGen      total 123904K, used 123802K [0x000000076ab00000, 0x0000000773780000, 0x00000007c0000000)
  eden space 121856K, 100% used [0x000000076ab00000,0x0000000772200000,0x0000000772200000)
  from space 2048K, 95% used [0x0000000773580000,0x0000000773766880,0x0000000773780000)
  to   space 10752K, 0% used [0x0000000772280000,0x0000000772280000,0x0000000772d00000)
 ParOldGen       total 80896K, used 6994K [0x00000006c0000000, 0x00000006c4f00000, 0x000000076ab00000)
  object space 80896K, 8% used [0x00000006c0000000,0x00000006c06d4930,0x00000006c4f00000)
 Metaspace       used 23081K, capacity 23408K, committed 23804K, reserved 1071104K
  class space    used 2835K, capacity 2946K, committed 3072K, reserved 1048576K
Event: 23.044 GC heap after
Heap after GC invocations=6 (full 1):
 PSYoungGen      total 133120K, used 3534K [0x000000076ab00000, 0x0000000779a00000, 0x00000007c0000000)
  eden space 122368K, 0% used [0x000000076ab00000,0x000000076ab00000,0x0000000772280000)
  from space 10752K, 32% used [0x0000000772280000,0x00000007725f3900,0x0000000772d00000)
  to   space 10752K, 0% used [0x0000000778f80000,0x0000000778f80000,0x0000000779a00000)
 ParOldGen       total 80896K, used 7002K [0x00000006c0000000, 0x00000006c4f00000, 0x000000076ab00000)
  object space 80896K, 8% used [0x00000006c0000000,0x00000006c06d6930,0x00000006c4f00000)
 Metaspace       used 23081K, capacity 23408K, committed 23804K, reserved 1071104K
  class space    used 2835K, capacity 2946K, committed 3072K, reserved 1048576K
}
Event: 24.624 GC heap before
{Heap before GC invocations=7 (full 1):
 PSYoungGen      total 133120K, used 125902K [0x000000076ab00000, 0x0000000779a00000, 0x00000007c0000000)
  eden space 122368K, 100% used [0x000000076ab00000,0x0000000772280000,0x0000000772280000)
  from space 10752K, 32% used [0x0000000772280000,0x00000007725f3900,0x0000000772d00000)
  to   space 10752K, 0% used [0x0000000778f80000,0x0000000778f80000,0x0000000779a00000)
 ParOldGen       total 80896K, used 7002K [0x00000006c0000000, 0x00000006c4f00000, 0x000000076ab00000)
  object space 80896K, 8% used [0x00000006c0000000,0x00000006c06d6930,0x00000006c4f00000)
 Metaspace       used 23166K, capacity 23496K, committed 23804K, reserved 1071104K
  class space    used 2837K, capacity 2950K, committed 3072K, reserved 1048576K
Event: 24.632 GC heap after
Heap after GC invocations=7 (full 1):
 PSYoungGen      total 226816K, used 3422K [0x000000076ab00000, 0x0000000779600000, 0x00000007c0000000)
  eden space 220160K, 0% used [0x000000076ab00000,0x000000076ab00000,0x0000000778200000)
  from space 6656K, 51% used [0x0000000778f80000,0x00000007792d7a70,0x0000000779600000)
  to   space 10240K, 0% used [0x0000000778200000,0x0000000778200000,0x0000000778c00000)
 ParOldGen       total 80896K, used 7010K [0x00000006c0000000, 0x00000006c4f00000, 0x000000076ab00000)
  object space 80896K, 8% used [0x00000006c0000000,0x00000006c06d8930,0x00000006c4f00000)
 Metaspace       used 23166K, capacity 23496K, committed 23804K, reserved 1071104K
  class space    used 2837K, capacity 2950K, committed 3072K, reserved 1048576K
}

