# JRE version: Java(TM) SE Runtime Environment (8.0_102-b14) (build 1.8.0_102-b14)
# Java VM: Java HotSpot(TM) 64-Bit Server VM (25.102-b14 mixed mode bsd-amd64 compressed oops)
Heap:
 PSYoungGen      total 254976K, used 243339K [0x000000076ab00000, 0x000000077af00000, 0x00000007c0000000)
  eden space 246784K, 96% used [0x000000076ab00000,0x0000000779430b48,0x0000000779c00000)
  from space 8192K, 55% used [0x000000077a700000,0x000000077ab72168,0x000000077af00000)
  to   space 9728K, 0% used [0x0000000779c00000,0x0000000779c00000,0x000000077a580000)
 ParOldGen       total 76800K, used 7680K [0x00000006c0000000, 0x00000006c4b00000, 0x000000076ab00000)
  object space 76800K, 10% used [0x00000006c0000000,0x00000006c0780308,0x00000006c4b00000)
 Metaspace       used 23259K, capacity 23554K, committed 23804K, reserved 1071104K
  class space    used 2837K, capacity 2949K, committed 3072K, reserved 1048576K
GC Heap History (10 events):
Event: 43.234 GC heap before
{Heap before GC invocations=3 (full 0):
 PSYoungGen      total 76288K, used 13635K [0x000000076ab00000, 0x0000000774000000, 0x00000007c0000000)
  eden space 65536K, 8% used [0x000000076ab00000,0x000000076b06a590,0x000000076eb00000)
  from space 10752K, 75% used [0x000000076f580000,0x000000076fd667a0,0x0000000770000000)
  to   space 10752K, 0% used [0x000000076eb00000,0x000000076eb00000,0x000000076f580000)
 ParOldGen       total 175104K, used 88K [0x00000006c0000000, 0x00000006cab00000, 0x000000076ab00000)
  object space 175104K, 0% used [0x00000006c0000000,0x00000006c0016010,0x00000006cab00000)
 Metaspace       used 21230K, capacity 21450K, committed 21628K, reserved 1069056K
  class space    used 2580K, capacity 2673K, committed 2688K, reserved 1048576K
Event: 43.245 GC heap after
Heap after GC invocations=3 (full 0):
 PSYoungGen      total 76288K, used 7682K [0x000000076ab00000, 0x0000000774000000, 0x00000007c0000000)
  eden space 65536K, 0% used [0x000000076ab00000,0x000000076ab00000,0x000000076eb00000)
  from space 10752K, 71% used [0x000000076eb00000,0x000000076f2808f8,0x000000076f580000)
  to   space 10752K, 0% used [0x0000000773580000,0x0000000773580000,0x0000000774000000)
 ParOldGen       total 175104K, used 96K [0x00000006c0000000, 0x00000006cab00000, 0x000000076ab00000)
  object space 175104K, 0% used [0x00000006c0000000,0x00000006c0018010,0x00000006cab00000)
 Metaspace       used 21230K, capacity 21450K, committed 21628K, reserved 1069056K
  class space    used 2580K, capacity 2673K, committed 2688K, reserved 1048576K
}
Event: 43.245 GC heap before
{Heap before GC invocations=4 (full 1):
 PSYoungGen      total 76288K, used 7682K [0x000000076ab00000, 0x0000000774000000, 0x00000007c0000000)
  eden space 65536K, 0% used [0x000000076ab00000,0x000000076ab00000,0x000000076eb00000)
  from space 10752K, 71% used [0x000000076eb00000,0x000000076f2808f8,0x000000076f580000)
  to   space 10752K, 0% used [0x0000000773580000,0x0000000773580000,0x0000000774000000)
 ParOldGen       total 175104K, used 96K [0x00000006c0000000, 0x00000006cab00000, 0x000000076ab00000)
  object space 175104K, 0% used [0x00000006c0000000,0x00000006c0018010,0x00000006cab00000)
 Metaspace       used 21230K, capacity 21450K, committed 21628K, reserved 1069056K
  class space    used 2580K, capacity 2673K, committed 2688K, reserved 1048576K
Event: 43.303 GC heap after
Heap after GC invocations=4 (full 1):
 PSYoungGen      total 76288K, used 0K [0x000000076ab00000, 0x0000000774000000, 0x00000007c0000000)
  eden space 65536K, 0% used [0x000000076ab00000,0x000000076ab00000,0x000000076eb00000)
  from space 10752K, 0% used [0x000000076eb00000,0x000000076eb00000,0x000000076f580000)
  to   space 10752K, 0% used [0x0000000773580000,0x0000000773580000,0x0000000774000000)
 ParOldGen       total 76800K, used 7656K [0x00000006c0000000, 0x00000006c4b00000, 0x000000076ab00000)
  object space 76800K, 9% used [0x00000006c0000000,0x00000006c077a308,0x00000006c4b00000)
 Metaspace       used 21230K, capacity 21450K, committed 21628K, reserved 1069056K
  class space    used 2580K, capacity 2673K, committed 2688K, reserved 1048576K
}
Event: 44.223 GC heap before
{Heap before GC invocations=5 (full 1):
 PSYoungGen      total 76288K, used 65536K [0x000000076ab00000, 0x0000000774000000, 0x00000007c0000000)
  eden space 65536K, 100% used [0x000000076ab00000,0x000000076eb00000,0x000000076eb00000)
  from space 10752K, 0% used [0x000000076eb00000,0x000000076eb00000,0x000000076f580000)
  to   space 10752K, 0% used [0x0000000773580000,0x0000000773580000,0x0000000774000000)
 ParOldGen       total 76800K, used 7656K [0x00000006c0000000, 0x00000006c4b00000, 0x000000076ab00000)
  object space 76800K, 9% used [0x00000006c0000000,0x00000006c077a308,0x00000006c4b00000)
 Metaspace       used 22033K, capacity 22210K, committed 22524K, reserved 1069056K
  class space    used 2713K, capacity 2773K, committed 2816K, reserved 1048576K
Event: 44.229 GC heap after
Heap after GC invocations=5 (full 1):
 PSYoungGen      total 135680K, used 2596K [0x000000076ab00000, 0x0000000773d00000, 0x00000007c0000000)
  eden space 128000K, 0% used [0x000000076ab00000,0x000000076ab00000,0x0000000772800000)
  from space 7680K, 33% used [0x0000000773580000,0x0000000773809398,0x0000000773d00000)
  to   space 10752K, 0% used [0x0000000772800000,0x0000000772800000,0x0000000773280000)
 ParOldGen       total 76800K, used 7664K [0x00000006c0000000, 0x00000006c4b00000, 0x000000076ab00000)
  object space 76800K, 9% used [0x00000006c0000000,0x00000006c077c308,0x00000006c4b00000)
 Metaspace       used 22033K, capacity 22210K, committed 22524K, reserved 1069056K
  class space    used 2713K, capacity 2773K, committed 2816K, reserved 1048576K
}
Event: 45.680 GC heap before
{Heap before GC invocations=6 (full 1):
 PSYoungGen      total 135680K, used 130596K [0x000000076ab00000, 0x0000000773d00000, 0x00000007c0000000)
  eden space 128000K, 100% used [0x000000076ab00000,0x0000000772800000,0x0000000772800000)
  from space 7680K, 33% used [0x0000000773580000,0x0000000773809398,0x0000000773d00000)
  to   space 10752K, 0% used [0x0000000772800000,0x0000000772800000,0x0000000773280000)
 ParOldGen       total 76800K, used 7664K [0x00000006c0000000, 0x00000006c4b00000, 0x000000076ab00000)
  object space 76800K, 9% used [0x00000006c0000000,0x00000006c077c308,0x00000006c4b00000)
 Metaspace       used 23007K, capacity 23290K, committed 23420K, reserved 1069056K
  class space    used 2831K, capacity 2937K, committed 2944K, reserved 1048576K
Event: 45.688 GC heap after
Heap after GC invocations=6 (full 1):
 PSYoungGen      total 138752K, used 4671K [0x000000076ab00000, 0x000000077b080000, 0x00000007c0000000)
  eden space 128000K, 0% used [0x000000076ab00000,0x000000076ab00000,0x0000000772800000)
  from space 10752K, 43% used [0x0000000772800000,0x0000000772c8ff68,0x0000000773280000)
  to   space 9728K, 0% used [0x000000077a700000,0x000000077a700000,0x000000077b080000)
 ParOldGen       total 76800K, used 7672K [0x00000006c0000000, 0x00000006c4b00000, 0x000000076ab00000)
  object space 76800K, 9% used [0x00000006c0000000,0x00000006c077e308,0x00000006c4b00000)
 Metaspace       used 23007K, capacity 23290K, committed 23420K, reserved 1069056K
  class space    used 2831K, capacity 2937K, committed 2944K, reserved 1048576K
}
Event: 46.685 GC heap before
{Heap before GC invocations=7 (full 1):
 PSYoungGen      total 138752K, used 132671K [0x000000076ab00000, 0x000000077b080000, 0x00000007c0000000)
  eden space 128000K, 100% used [0x000000076ab00000,0x0000000772800000,0x0000000772800000)
  from space 10752K, 43% used [0x0000000772800000,0x0000000772c8ff68,0x0000000773280000)
  to   space 9728K, 0% used [0x000000077a700000,0x000000077a700000,0x000000077b080000)
 ParOldGen       total 76800K, used 7672K [0x00000006c0000000, 0x00000006c4b00000, 0x000000076ab00000)
  object space 76800K, 9% used [0x00000006c0000000,0x00000006c077e308,0x00000006c4b00000)
 Metaspace       used 23116K, capacity 23430K, committed 23676K, reserved 1071104K
  class space    used 2832K, capacity 2939K, committed 2944K, reserved 1048576K
Event: 46.693 GC heap after
Heap after GC invocations=7 (full 1):
 PSYoungGen      total 254976K, used 4552K [0x000000076ab00000, 0x000000077af00000, 0x00000007c0000000)
  eden space 246784K, 0% used [0x000000076ab00000,0x000000076ab00000,0x0000000779c00000)
  from space 8192K, 55% used [0x000000077a700000,0x000000077ab72168,0x000000077af00000)
  to   space 9728K, 0% used [0x0000000779c00000,0x0000000779c00000,0x000000077a580000)
 ParOldGen       total 76800K, used 7680K [0x00000006c0000000, 0x00000006c4b00000, 0x000000076ab00000)
  object space 76800K, 10% used [0x00000006c0000000,0x00000006c0780308,0x00000006c4b00000)
 Metaspace       used 23116K, capacity 23430K, committed 23676K, reserved 1071104K
  class space    used 2832K, capacity 2939K, committed 2944K, reserved 1048576K
}

