# JRE version: Java(TM) SE Runtime Environment (8.0_102-b14) (build 1.8.0_102-b14)
# Java VM: Java HotSpot(TM) 64-Bit Server VM (25.102-b14 mixed mode bsd-amd64 compressed oops)
Heap:
 PSYoungGen      total 76288K, used 9595K [0x000000076ab00000, 0x0000000773500000, 0x00000007c0000000)
  eden space 65536K, 9% used [0x000000076ab00000,0x000000076b0cc228,0x000000076eb00000)
  from space 10752K, 34% used [0x000000076eb00000,0x000000076ee92a28,0x000000076f580000)
  to   space 10752K, 0% used [0x0000000772a80000,0x0000000772a80000,0x0000000773500000)
 ParOldGen       total 81920K, used 6839K [0x00000006c0000000, 0x00000006c5000000, 0x000000076ab00000)
  object space 81920K, 8% used [0x00000006c0000000,0x00000006c06adec8,0x00000006c5000000)
 Metaspace       used 22952K, capacity 23238K, committed 23344K, reserved 1069056K
  class space    used 2828K, capacity 2939K, committed 2944K, reserved 1048576K
GC Heap History (8 events):
Event: 17.688 GC heap before
{Heap before GC invocations=1 (full 0):
 PSYoungGen      total 76288K, used 65536K [0x000000076ab00000, 0x0000000770000000, 0x00000007c0000000)
  eden space 65536K, 100% used [0x000000076ab00000,0x000000076eb00000,0x000000076eb00000)
  from space 10752K, 0% used [0x000000076f580000,0x000000076f580000,0x0000000770000000)
  to   space 10752K, 0% used [0x000000076eb00000,0x000000076eb00000,0x000000076f580000)
 ParOldGen       total 175104K, used 0K [0x00000006c0000000, 0x00000006cab00000, 0x000000076ab00000)
  object space 175104K, 0% used [0x00000006c0000000,0x00000006c0000000,0x00000006cab00000)
 Metaspace       used 20378K, capacity 20646K, committed 20864K, reserved 1067008K
  class space    used 2509K, capacity 2603K, committed 2688K, reserved 1048576K
Event: 17.708 GC heap after
Heap after GC invocations=1 (full 0):
 PSYoungGen      total 76288K, used 8952K [0x000000076ab00000, 0x0000000770000000, 0x00000007c0000000)
  eden space 65536K, 0% used [0x000000076ab00000,0x000000076ab00000,0x000000076eb00000)
  from space 10752K, 83% used [0x000000076eb00000,0x000000076f3be148,0x000000076f580000)
  to   space 10752K, 0% used [0x000000076f580000,0x000000076f580000,0x0000000770000000)
 ParOldGen       total 175104K, used 80K [0x00000006c0000000, 0x00000006cab00000, 0x000000076ab00000)
  object space 175104K, 0% used [0x00000006c0000000,0x00000006c0014010,0x00000006cab00000)
 Metaspace       used 20378K, capacity 20646K, committed 20864K, reserved 1067008K
  class space    used 2509K, capacity 2603K, committed 2688K, reserved 1048576K
}
Event: 18.021 GC heap before
{Heap before GC invocations=2 (full 0):
 PSYoungGen      total 76288K, used 20771K [0x000000076ab00000, 0x0000000770000000, 0x00000007c0000000)
  eden space 65536K, 18% used [0x000000076ab00000,0x000000076b68acb0,0x000000076eb00000)
  from space 10752K, 83% used [0x000000076eb00000,0x000000076f3be148,0x000000076f580000)
  to   space 10752K, 0% used [0x000000076f580000,0x000000076f580000,0x0000000770000000)
 ParOldGen       total 175104K, used 80K [0x00000006c0000000, 0x00000006cab00000, 0x000000076ab00000)
  object space 175104K, 0% used [0x00000006c0000000,0x00000006c0014010,0x00000006cab00000)
 Metaspace       used 20948K, capacity 21138K, committed 21296K, reserved 1069056K
  class space    used 2566K, capacity 2637K, committed 2688K, reserved 1048576K
Event: 18.038 GC heap after
Heap after GC invocations=2 (full 0):
 PSYoungGen      total 76288K, used 6884K [0x000000076ab00000, 0x0000000774000000, 0x00000007c0000000)
  eden space 65536K, 0% used [0x000000076ab00000,0x000000076ab00000,0x000000076eb00000)
  from space 10752K, 64% used [0x000000076f580000,0x000000076fc393a8,0x0000000770000000)
  to   space 10752K, 0% used [0x000000076eb00000,0x000000076eb00000,0x000000076f580000)
 ParOldGen       total 175104K, used 88K [0x00000006c0000000, 0x00000006cab00000, 0x000000076ab00000)
  object space 175104K, 0% used [0x00000006c0000000,0x00000006c0016010,0x00000006cab00000)
 Metaspace       used 20948K, capacity 21138K, committed 21296K, reserved 1069056K
  class space    used 2566K, capacity 2637K, committed 2688K, reserved 1048576K
}
Event: 18.038 GC heap before
{Heap before GC invocations=3 (full 1):
 PSYoungGen      total 76288K, used 6884K [0x000000076ab00000, 0x0000000774000000, 0x00000007c0000000)
  eden space 65536K, 0% used [0x000000076ab00000,0x000000076ab00000,0x000000076eb00000)
  from space 10752K, 64% used [0x000000076f580000,0x000000076fc393a8,0x0000000770000000)
  to   space 10752K, 0% used [0x000000076eb00000,0x000000076eb00000,0x000000076f580000)
 ParOldGen       total 175104K, used 88K [0x00000006c0000000, 0x00000006cab00000, 0x000000076ab00000)
  object space 175104K, 0% used [0x00000006c0000000,0x00000006c0016010,0x00000006cab00000)
 Metaspace       used 20948K, capacity 21138K, committed 21296K, reserved 1069056K
  class space    used 2566K, capacity 2637K, committed 2688K, reserved 1048576K
Event: 18.110 GC heap after
Heap after GC invocations=3 (full 1):
 PSYoungGen      total 76288K, used 0K [0x000000076ab00000, 0x0000000774000000, 0x00000007c0000000)
  eden space 65536K, 0% used [0x000000076ab00000,0x000000076ab00000,0x000000076eb00000)
  from space 10752K, 0% used [0x000000076f580000,0x000000076f580000,0x0000000770000000)
  to   space 10752K, 0% used [0x000000076eb00000,0x000000076eb00000,0x000000076f580000)
 ParOldGen       total 81920K, used 6831K [0x00000006c0000000, 0x00000006c5000000, 0x000000076ab00000)
  object space 81920K, 8% used [0x00000006c0000000,0x00000006c06abec8,0x00000006c5000000)
 Metaspace       used 20948K, capacity 21138K, committed 21296K, reserved 1069056K
  class space    used 2566K, capacity 2637K, committed 2688K, reserved 1048576K
}
Event: 20.320 GC heap before
{Heap before GC invocations=4 (full 1):
 PSYoungGen      total 76288K, used 65536K [0x000000076ab00000, 0x0000000774000000, 0x00000007c0000000)
  eden space 65536K, 100% used [0x000000076ab00000,0x000000076eb00000,0x000000076eb00000)
  from space 10752K, 0% used [0x000000076f580000,0x000000076f580000,0x0000000770000000)
  to   space 10752K, 0% used [0x000000076eb00000,0x000000076eb00000,0x000000076f580000)
 ParOldGen       total 81920K, used 6831K [0x00000006c0000000, 0x00000006c5000000, 0x000000076ab00000)
  object space 81920K, 8% used [0x00000006c0000000,0x00000006c06abec8,0x00000006c5000000)
 Metaspace       used 22941K, capacity 23174K, committed 23344K, reserved 1069056K
  class space    used 2828K, capacity 2939K, committed 2944K, reserved 1048576K
Event: 20.327 GC heap after
Heap after GC invocations=4 (full 1):
 PSYoungGen      total 76288K, used 3658K [0x000000076ab00000, 0x0000000773500000, 0x00000007c0000000)
  eden space 65536K, 0% used [0x000000076ab00000,0x000000076ab00000,0x000000076eb00000)
  from space 10752K, 34% used [0x000000076eb00000,0x000000076ee92a28,0x000000076f580000)
  to   space 10752K, 0% used [0x0000000772a80000,0x0000000772a80000,0x0000000773500000)
 ParOldGen       total 81920K, used 6839K [0x00000006c0000000, 0x00000006c5000000, 0x000000076ab00000)
  object space 81920K, 8% used [0x00000006c0000000,0x00000006c06adec8,0x00000006c5000000)
 Metaspace       used 22941K, capacity 23174K, committed 23344K, reserved 1069056K
  class space    used 2828K, capacity 2939K, committed 2944K, reserved 1048576K
}

